# JRE version: Java(TM) SE Runtime Environment (11.0.6+8) (build 11.0.6+8-LTS)
# Java VM: Java HotSpot(TM) 64-Bit Server VM (11.0.6+8-LTS, mixed mode, tiered, compressed oops, g1 gc, bsd-amd64)
Heap:
 garbage-first heap   total 262144K, used 50272K [0x0000000700000000, 0x0000000800000000)
  region size 1024K, 51 young (52224K), 4 survivors (4096K)
 Metaspace       used 15866K, capacity 16298K, committed 16640K, reserved 1064960K
  class space    used 1559K, capacity 1698K, committed 1792K, reserved 1048576K
GC Heap History (10 events):
Event: 174.365 GC heap before
{Heap before GC invocations=1 (full 0):
 garbage-first heap   total 262144K, used 156223K [0x0000000700000000, 0x0000000800000000)
  region size 1024K, 153 young (156672K), 3 survivors (3072K)
 Metaspace       used 15851K, capacity 16297K, committed 16640K, reserved 1064960K
  class space    used 1559K, capacity 1698K, committed 1792K, reserved 1048576K
}
Event: 174.374 GC heap after
{Heap after GC invocations=2 (full 0):
 garbage-first heap   total 262144K, used 3219K [0x0000000700000000, 0x0000000800000000)
  region size 1024K, 4 young (4096K), 4 survivors (4096K)
 Metaspace       used 15851K, capacity 16297K, committed 16640K, reserved 1064960K
  class space    used 1559K, capacity 1698K, committed 1792K, reserved 1048576K
}
Event: 358.802 GC heap before
{Heap before GC invocations=2 (full 0):
 garbage-first heap   total 262144K, used 155795K [0x0000000700000000, 0x0000000800000000)
  region size 1024K, 153 young (156672K), 4 survivors (4096K)
 Metaspace       used 15851K, capacity 16297K, committed 16640K, reserved 1064960K
  class space    used 1559K, capacity 1698K, committed 1792K, reserved 1048576K
}
Event: 358.807 GC heap after
{Heap after GC invocations=3 (full 0):
 garbage-first heap   total 262144K, used 3344K [0x0000000700000000, 0x0000000800000000)
  region size 1024K, 4 young (4096K), 4 survivors (4096K)
 Metaspace       used 15851K, capacity 16297K, committed 16640K, reserved 1064960K
  class space    used 1559K, capacity 1698K, committed 1792K, reserved 1048576K
}
Event: 543.281 GC heap before
{Heap before GC invocations=3 (full 0):
 garbage-first heap   total 262144K, used 155920K [0x0000000700000000, 0x0000000800000000)
  region size 1024K, 153 young (156672K), 4 survivors (4096K)
 Metaspace       used 15851K, capacity 16297K, committed 16640K, reserved 1064960K
  class space    used 1559K, capacity 1698K, committed 1792K, reserved 1048576K
}
Event: 543.286 GC heap after
{Heap after GC invocations=4 (full 0):
 garbage-first heap   total 262144K, used 3261K [0x0000000700000000, 0x0000000800000000)
  region size 1024K, 4 young (4096K), 4 survivors (4096K)
 Metaspace       used 15851K, capacity 16297K, committed 16640K, reserved 1064960K
  class space    used 1559K, capacity 1698K, committed 1792K, reserved 1048576K
}
Event: 725.581 GC heap before
{Heap before GC invocations=4 (full 0):
 garbage-first heap   total 262144K, used 155837K [0x0000000700000000, 0x0000000800000000)
  region size 1024K, 153 young (156672K), 4 survivors (4096K)
 Metaspace       used 15865K, capacity 16298K, committed 16640K, reserved 1064960K
  class space    used 1559K, capacity 1698K, committed 1792K, reserved 1048576K
}
Event: 725.586 GC heap after
{Heap after GC invocations=5 (full 0):
 garbage-first heap   total 262144K, used 3266K [0x0000000700000000, 0x0000000800000000)
  region size 1024K, 4 young (4096K), 4 survivors (4096K)
 Metaspace       used 15865K, capacity 16298K, committed 16640K, reserved 1064960K
  class space    used 1559K, capacity 1698K, committed 1792K, reserved 1048576K
}
Event: 909.221 GC heap before
{Heap before GC invocations=5 (full 0):
 garbage-first heap   total 262144K, used 155842K [0x0000000700000000, 0x0000000800000000)
  region size 1024K, 153 young (156672K), 4 survivors (4096K)
 Metaspace       used 15865K, capacity 16298K, committed 16640K, reserved 1064960K
  class space    used 1559K, capacity 1698K, committed 1792K, reserved 1048576K
}
Event: 909.225 GC heap after
{Heap after GC invocations=6 (full 0):
 garbage-first heap   total 262144K, used 3168K [0x0000000700000000, 0x0000000800000000)
  region size 1024K, 4 young (4096K), 4 survivors (4096K)
 Metaspace       used 15865K, capacity 16298K, committed 16640K, reserved 1064960K
  class space    used 1559K, capacity 1698K, committed 1792K, reserved 1048576K
}

