# JRE version: Java(TM) SE Runtime Environment (11.0.6+8) (build 11.0.6+8-LTS)
# Java VM: Java HotSpot(TM) 64-Bit Server VM (11.0.6+8-LTS, mixed mode, tiered, compressed oops, g1 gc, bsd-amd64)
Heap:
 garbage-first heap   total 262144K, used 11522K [0x0000000700000000, 0x0000000800000000)
  region size 1024K, 13 young (13312K), 4 survivors (4096K)
 Metaspace       used 16052K, capacity 16437K, committed 16896K, reserved 1064960K
  class space    used 1558K, capacity 1698K, committed 1792K, reserved 1048576K
GC Heap History (8 events):
Event: 21.035 GC heap before
{Heap before GC invocations=0 (full 0):
 garbage-first heap   total 262144K, used 24576K [0x0000000700000000, 0x0000000800000000)
  region size 1024K, 24 young (24576K), 0 survivors (0K)
 Metaspace       used 9814K, capacity 10120K, committed 10368K, reserved 1058816K
  class space    used 964K, capacity 1096K, committed 1152K, reserved 1048576K
}
Event: 21.039 GC heap after
{Heap after GC invocations=1 (full 0):
 garbage-first heap   total 262144K, used 2028K [0x0000000700000000, 0x0000000800000000)
  region size 1024K, 2 young (2048K), 2 survivors (2048K)
 Metaspace       used 9814K, capacity 10120K, committed 10368K, reserved 1058816K
  class space    used 964K, capacity 1096K, committed 1152K, reserved 1048576K
}
Event: 214.417 GC heap before
{Heap before GC invocations=1 (full 0):
 garbage-first heap   total 262144K, used 156652K [0x0000000700000000, 0x0000000800000000)
  region size 1024K, 153 young (156672K), 2 survivors (2048K)
 Metaspace       used 9825K, capacity 10120K, committed 10368K, reserved 1058816K
  class space    used 964K, capacity 1096K, committed 1152K, reserved 1048576K
}
Event: 214.422 GC heap after
{Heap after GC invocations=2 (full 0):
 garbage-first heap   total 262144K, used 2210K [0x0000000700000000, 0x0000000800000000)
  region size 1024K, 3 young (3072K), 3 survivors (3072K)
 Metaspace       used 9825K, capacity 10120K, committed 10368K, reserved 1058816K
  class space    used 964K, capacity 1096K, committed 1152K, reserved 1048576K
}
Event: 377.880 GC heap before
{Heap before GC invocations=2 (full 0):
 garbage-first heap   total 262144K, used 155810K [0x0000000700000000, 0x0000000800000000)
  region size 1024K, 153 young (156672K), 3 survivors (3072K)
 Metaspace       used 15970K, capacity 16358K, committed 16640K, reserved 1064960K
  class space    used 1558K, capacity 1698K, committed 1792K, reserved 1048576K
}
Event: 377.886 GC heap after
{Heap after GC invocations=3 (full 0):
 garbage-first heap   total 262144K, used 3189K [0x0000000700000000, 0x0000000800000000)
  region size 1024K, 4 young (4096K), 4 survivors (4096K)
 Metaspace       used 15970K, capacity 16358K, committed 16640K, reserved 1064960K
  class space    used 1558K, capacity 1698K, committed 1792K, reserved 1048576K
}
Event: 555.174 GC heap before
{Heap before GC invocations=3 (full 0):
 garbage-first heap   total 262144K, used 155765K [0x0000000700000000, 0x0000000800000000)
  region size 1024K, 153 young (156672K), 4 survivors (4096K)
 Metaspace       used 16052K, capacity 16437K, committed 16896K, reserved 1064960K
  class space    used 1558K, capacity 1698K, committed 1792K, reserved 1048576K
}
Event: 555.183 GC heap after
{Heap after GC invocations=4 (full 0):
 garbage-first heap   total 262144K, used 3330K [0x0000000700000000, 0x0000000800000000)
  region size 1024K, 4 young (4096K), 4 survivors (4096K)
 Metaspace       used 16052K, capacity 16437K, committed 16896K, reserved 1064960K
  class space    used 1558K, capacity 1698K, committed 1792K, reserved 1048576K
}

